<?xml version="1.0" encoding="UTF-8"?>
<robot generator="Robot 3.1 (Python 3.7.1 on win32)" generated="20181220 22:35:26.490" rpa="false">
<suite id="s1" name="Amazon" source="E:\Docs_reggiem_2017\computer info\automation_dev\python\python_robot_automation\amazon\tests\amazon.robot">
<test id="s1-t1" name="User must sign in to check out">
<kw name="Open Browser" library="SeleniumLibrary">
<doc>Opens a new browser instance to the given ``url``.</doc>
<arguments>
<arg>http://www.amazon.com</arg>
<arg>ie</arg>
</arguments>
<msg timestamp="20181220 22:35:26.644" level="INFO">Opening browser 'ie' to base url 'http://www.amazon.com'.</msg>
<status status="PASS" starttime="20181220 22:35:26.644" endtime="20181220 22:35:27.856"></status>
</kw>
<kw name="Close Browser" library="SeleniumLibrary">
<doc>Closes the current browser.</doc>
<status status="PASS" starttime="20181220 22:35:27.857" endtime="20181220 22:35:30.875"></status>
</kw>
<doc>This is some basic info about the test</doc>
<tags>
<tag>Smoke</tag>
</tags>
<status status="PASS" starttime="20181220 22:35:26.643" endtime="20181220 22:35:30.876" critical="yes"></status>
</test>
<doc>This is some basic info about the whole suite</doc>
<status status="PASS" starttime="20181220 22:35:26.492" endtime="20181220 22:35:30.877"></status>
</suite>
<statistics>
<total>
<stat pass="1" fail="0">Critical Tests</stat>
<stat pass="1" fail="0">All Tests</stat>
</total>
<tag>
<stat pass="1" fail="0">Smoke</stat>
</tag>
<suite>
<stat pass="1" fail="0" id="s1" name="Amazon">Amazon</stat>
</suite>
</statistics>
<errors>
</errors>
</robot>
