<?xml version="1.0" encoding="UTF-8"?>
<robot generator="Robot 3.1 (Python 3.7.1 on win32)" generated="20181230 18:29:44.268" rpa="false">
<suite id="s1" name="Amazonsearch2" source="E:\Docs_reggiem_2017\computer info\automation_dev\python\python_robot_automation\amazon_robot\tests\amazonsearch2.robot">
<test id="s1-t1" name="Verify the homepage navigation button">
<kw name="Begin Web Test" library="common" type="setup">
<kw name="Open Browser" library="SeleniumLibrary">
<doc>Opens a new browser instance to the given ``url``.</doc>
<arguments>
<arg>about:blank</arg>
<arg>chrome</arg>
</arguments>
<msg timestamp="20181230 18:29:44.433" level="INFO">Opening browser 'chrome' to base url 'about:blank'.</msg>
<status status="PASS" starttime="20181230 18:29:44.433" endtime="20181230 18:29:46.600"></status>
</kw>
<status status="PASS" starttime="20181230 18:29:44.433" endtime="20181230 18:29:46.600"></status>
</kw>
<kw name="Navigate to URL" library="amazongui">
<kw name="Go To" library="SeleniumLibrary">
<doc>Navigates the active browser instance to the provided ``url``.</doc>
<arguments>
<arg>http://www.amazon.com</arg>
</arguments>
<msg timestamp="20181230 18:29:46.601" level="INFO">Opening url 'http://www.amazon.com'</msg>
<status status="PASS" starttime="20181230 18:29:46.601" endtime="20181230 18:29:48.200"></status>
</kw>
<kw name="Wait Until Page Contains Element" library="SeleniumLibrary">
<doc>Waits until element ``locator`` appears on current page.</doc>
<arguments>
<arg>id=nav-your-amazon</arg>
</arguments>
<status status="PASS" starttime="20181230 18:29:48.200" endtime="20181230 18:29:48.217"></status>
</kw>
<status status="PASS" starttime="20181230 18:29:46.601" endtime="20181230 18:29:48.218"></status>
</kw>
<kw name="Input Search for toy" library="amazongui">
<kw name="Input Text" library="SeleniumLibrary">
<doc>Types the given ``text`` into text field identified by ``locator``.</doc>
<arguments>
<arg>id=twotabsearchtextbox</arg>
<arg>Ferrari 458</arg>
</arguments>
<msg timestamp="20181230 18:29:48.218" level="INFO">Typing text 'Ferrari 458' into text field 'id=twotabsearchtextbox'.</msg>
<status status="PASS" starttime="20181230 18:29:48.218" endtime="20181230 18:29:48.410"></status>
</kw>
<kw name="Click Button" library="SeleniumLibrary">
<doc>Clicks button identified by ``locator``.</doc>
<arguments>
<arg>xpath=//*[@id="nav-search"]/form/div[2]/div/input</arg>
</arguments>
<msg timestamp="20181230 18:29:48.410" level="INFO">Clicking button 'xpath=//*[@id="nav-search"]/form/div[2]/div/input'.</msg>
<status status="PASS" starttime="20181230 18:29:48.410" endtime="20181230 18:29:50.050"></status>
</kw>
<kw name="Wait Until Page Contains" library="amazonpageload">
<arguments>
<arg>results for "Ferrari 458"</arg>
</arguments>
<msg timestamp="20181230 18:29:50.050" level="FAIL">Keyword 'amazonpageload.Wait Until Page Contains' expected 0 arguments, got 1.</msg>
<status status="FAIL" starttime="20181230 18:29:50.050" endtime="20181230 18:29:50.050"></status>
</kw>
<status status="FAIL" starttime="20181230 18:29:48.218" endtime="20181230 18:29:50.050"></status>
</kw>
<kw name="End Web Test" library="common" type="teardown">
<kw name="Close Browser" library="SeleniumLibrary">
<doc>Closes the current browser.</doc>
<status status="PASS" starttime="20181230 18:29:50.051" endtime="20181230 18:29:52.185"></status>
</kw>
<status status="PASS" starttime="20181230 18:29:50.051" endtime="20181230 18:29:52.186"></status>
</kw>
<doc>The following test cases verifies homepage button is present</doc>
<tags>
<tag>Smoke</tag>
</tags>
<status status="FAIL" starttime="20181230 18:29:44.432" endtime="20181230 18:29:52.187" critical="yes">Keyword 'amazonpageload.Wait Until Page Contains' expected 0 arguments, got 1.</status>
</test>
<test id="s1-t2" name="Verify the user can do a blank search">
<kw name="Begin Web Test" library="common" type="setup">
<kw name="Open Browser" library="SeleniumLibrary">
<doc>Opens a new browser instance to the given ``url``.</doc>
<arguments>
<arg>about:blank</arg>
<arg>chrome</arg>
</arguments>
<msg timestamp="20181230 18:29:52.195" level="INFO">Opening browser 'chrome' to base url 'about:blank'.</msg>
<status status="PASS" starttime="20181230 18:29:52.195" endtime="20181230 18:29:54.417"></status>
</kw>
<status status="PASS" starttime="20181230 18:29:52.194" endtime="20181230 18:29:54.417"></status>
</kw>
<kw name="Navigate to URL" library="amazongui">
<kw name="Go To" library="SeleniumLibrary">
<doc>Navigates the active browser instance to the provided ``url``.</doc>
<arguments>
<arg>http://www.amazon.com</arg>
</arguments>
<msg timestamp="20181230 18:29:54.418" level="INFO">Opening url 'http://www.amazon.com'</msg>
<status status="PASS" starttime="20181230 18:29:54.418" endtime="20181230 18:29:55.977"></status>
</kw>
<kw name="Wait Until Page Contains Element" library="SeleniumLibrary">
<doc>Waits until element ``locator`` appears on current page.</doc>
<arguments>
<arg>id=nav-your-amazon</arg>
</arguments>
<status status="PASS" starttime="20181230 18:29:55.978" endtime="20181230 18:29:56.007"></status>
</kw>
<status status="PASS" starttime="20181230 18:29:54.417" endtime="20181230 18:29:56.007"></status>
</kw>
<kw name="Perform a blank search" library="amazongui">
<kw name="Sleep" library="BuiltIn">
<doc>Pauses the test executed for the given time.</doc>
<arguments>
<arg>3s</arg>
</arguments>
<msg timestamp="20181230 18:29:59.010" level="INFO">Slept 3 seconds</msg>
<status status="PASS" starttime="20181230 18:29:56.008" endtime="20181230 18:29:59.010"></status>
</kw>
<kw name="Click Button" library="SeleniumLibrary">
<doc>Clicks button identified by ``locator``.</doc>
<arguments>
<arg>xpath=//*[@id="nav-search"]/form/div[2]/div/input</arg>
</arguments>
<msg timestamp="20181230 18:29:59.011" level="INFO">Clicking button 'xpath=//*[@id="nav-search"]/form/div[2]/div/input'.</msg>
<status status="PASS" starttime="20181230 18:29:59.011" endtime="20181230 18:30:00.126"></status>
</kw>
<kw name="Sleep" library="BuiltIn">
<doc>Pauses the test executed for the given time.</doc>
<arguments>
<arg>3s</arg>
</arguments>
<msg timestamp="20181230 18:30:03.127" level="INFO">Slept 3 seconds</msg>
<status status="PASS" starttime="20181230 18:30:00.126" endtime="20181230 18:30:03.127"></status>
</kw>
<kw name="Location Should Be" library="SeleniumLibrary">
<doc>Verifies that current URL is exactly ``url`.</doc>
<arguments>
<arg>https://www.amazon.com/ref=nb_sb_noss_null</arg>
</arguments>
<msg timestamp="20181230 18:30:03.138" level="INFO">Current location is 'https://www.amazon.com/ref=nb_sb_noss_null'.</msg>
<status status="PASS" starttime="20181230 18:30:03.127" endtime="20181230 18:30:03.138"></status>
</kw>
<status status="PASS" starttime="20181230 18:29:56.007" endtime="20181230 18:30:03.138"></status>
</kw>
<kw name="End Web Test" library="common" type="teardown">
<kw name="Close Browser" library="SeleniumLibrary">
<doc>Closes the current browser.</doc>
<status status="PASS" starttime="20181230 18:30:03.139" endtime="20181230 18:30:05.291"></status>
</kw>
<status status="PASS" starttime="20181230 18:30:03.138" endtime="20181230 18:30:05.291"></status>
</kw>
<doc>Verify the user can do a blank search</doc>
<tags>
<tag>Regression</tag>
</tags>
<status status="PASS" starttime="20181230 18:29:52.192" endtime="20181230 18:30:05.291" critical="yes"></status>
</test>
<test id="s1-t3" name="Verify the user performs an invalid search">
<kw name="Begin Web Test" library="common" type="setup">
<kw name="Open Browser" library="SeleniumLibrary">
<doc>Opens a new browser instance to the given ``url``.</doc>
<arguments>
<arg>about:blank</arg>
<arg>chrome</arg>
</arguments>
<msg timestamp="20181230 18:30:05.296" level="INFO">Opening browser 'chrome' to base url 'about:blank'.</msg>
<status status="PASS" starttime="20181230 18:30:05.296" endtime="20181230 18:30:07.486"></status>
</kw>
<status status="PASS" starttime="20181230 18:30:05.295" endtime="20181230 18:30:07.486"></status>
</kw>
<kw name="Navigate to URL" library="amazongui">
<kw name="Go To" library="SeleniumLibrary">
<doc>Navigates the active browser instance to the provided ``url``.</doc>
<arguments>
<arg>http://www.amazon.com</arg>
</arguments>
<msg timestamp="20181230 18:30:07.487" level="INFO">Opening url 'http://www.amazon.com'</msg>
<status status="PASS" starttime="20181230 18:30:07.487" endtime="20181230 18:30:09.522"></status>
</kw>
<kw name="Wait Until Page Contains Element" library="SeleniumLibrary">
<doc>Waits until element ``locator`` appears on current page.</doc>
<arguments>
<arg>id=nav-your-amazon</arg>
</arguments>
<status status="PASS" starttime="20181230 18:30:09.522" endtime="20181230 18:30:09.617"></status>
</kw>
<status status="PASS" starttime="20181230 18:30:07.487" endtime="20181230 18:30:09.617"></status>
</kw>
<kw name="Perform a invalid search" library="amazongui">
<kw name="Wait Until Page Contains" library="amazonpageload">
<arguments>
<arg>Your Amazon.com</arg>
</arguments>
<msg timestamp="20181230 18:30:09.618" level="FAIL">Keyword 'amazonpageload.Wait Until Page Contains' expected 0 arguments, got 1.</msg>
<status status="FAIL" starttime="20181230 18:30:09.618" endtime="20181230 18:30:09.619"></status>
</kw>
<status status="FAIL" starttime="20181230 18:30:09.618" endtime="20181230 18:30:09.619"></status>
</kw>
<kw name="End Web Test" library="common" type="teardown">
<kw name="Close Browser" library="SeleniumLibrary">
<doc>Closes the current browser.</doc>
<status status="PASS" starttime="20181230 18:30:09.619" endtime="20181230 18:30:11.749"></status>
</kw>
<status status="PASS" starttime="20181230 18:30:09.619" endtime="20181230 18:30:11.750"></status>
</kw>
<doc>Verify the user can do a blank search</doc>
<tags>
<tag>Regression</tag>
</tags>
<status status="FAIL" starttime="20181230 18:30:05.294" endtime="20181230 18:30:11.751" critical="yes">Keyword 'amazonpageload.Wait Until Page Contains' expected 0 arguments, got 1.</status>
</test>
<test id="s1-t4" name="Verify the user can perform a search for a black magic 4k camera">
<kw name="Begin Web Test" library="common" type="setup">
<kw name="Open Browser" library="SeleniumLibrary">
<doc>Opens a new browser instance to the given ``url``.</doc>
<arguments>
<arg>about:blank</arg>
<arg>chrome</arg>
</arguments>
<msg timestamp="20181230 18:30:11.760" level="INFO">Opening browser 'chrome' to base url 'about:blank'.</msg>
<status status="PASS" starttime="20181230 18:30:11.759" endtime="20181230 18:30:14.086"></status>
</kw>
<status status="PASS" starttime="20181230 18:30:11.758" endtime="20181230 18:30:14.086"></status>
</kw>
<kw name="Navigate to URL" library="amazongui">
<kw name="Go To" library="SeleniumLibrary">
<doc>Navigates the active browser instance to the provided ``url``.</doc>
<arguments>
<arg>http://www.amazon.com</arg>
</arguments>
<msg timestamp="20181230 18:30:14.087" level="INFO">Opening url 'http://www.amazon.com'</msg>
<status status="PASS" starttime="20181230 18:30:14.087" endtime="20181230 18:30:16.056"></status>
</kw>
<kw name="Wait Until Page Contains Element" library="SeleniumLibrary">
<doc>Waits until element ``locator`` appears on current page.</doc>
<arguments>
<arg>id=nav-your-amazon</arg>
</arguments>
<status status="PASS" starttime="20181230 18:30:16.056" endtime="20181230 18:30:16.159"></status>
</kw>
<status status="PASS" starttime="20181230 18:30:14.086" endtime="20181230 18:30:16.159"></status>
</kw>
<kw name="Perform a search for black magic 4k camera" library="amazongui">
<kw name="Wait Until Page Contains" library="amazonpageload">
<arguments>
<arg>Your Amazon.com</arg>
</arguments>
<msg timestamp="20181230 18:30:16.160" level="FAIL">Keyword 'amazonpageload.Wait Until Page Contains' expected 0 arguments, got 1.</msg>
<status status="FAIL" starttime="20181230 18:30:16.159" endtime="20181230 18:30:16.160"></status>
</kw>
<status status="FAIL" starttime="20181230 18:30:16.159" endtime="20181230 18:30:16.160"></status>
</kw>
<kw name="End Web Test" library="common" type="teardown">
<kw name="Close Browser" library="SeleniumLibrary">
<doc>Closes the current browser.</doc>
<status status="PASS" starttime="20181230 18:30:16.160" endtime="20181230 18:30:18.316"></status>
</kw>
<status status="PASS" starttime="20181230 18:30:16.160" endtime="20181230 18:30:18.317"></status>
</kw>
<doc>Verify the user can do a blank search</doc>
<tags>
<tag>Regression</tag>
</tags>
<status status="FAIL" starttime="20181230 18:30:11.756" endtime="20181230 18:30:18.318" critical="yes">Keyword 'amazonpageload.Wait Until Page Contains' expected 0 arguments, got 1.</status>
</test>
<doc>This is some basic info about the whole suite</doc>
<status status="FAIL" starttime="20181230 18:29:44.270" endtime="20181230 18:30:18.324"></status>
</suite>
<statistics>
<total>
<stat pass="1" fail="3">Critical Tests</stat>
<stat pass="1" fail="3">All Tests</stat>
</total>
<tag>
<stat pass="1" fail="2">Regression</stat>
<stat pass="0" fail="1">Smoke</stat>
</tag>
<suite>
<stat pass="1" fail="3" id="s1" name="Amazonsearch2">Amazonsearch2</stat>
</suite>
</statistics>
<errors>
</errors>
</robot>
